D:\VS2012\PROJECTS\HIK_JLISTVIDEOPROCESSSTATIC\HIK_JLISTVIDEOPROCESS\RELEASE\STDAFX.OBJ
D:\VS2012\PROJECTS\HIK_JLISTVIDEOPROCESSSTATIC\HIK_JLISTVIDEOPROCESS\RELEASE\VC110.PDB
D:\VS2012\PROJECTS\HIK_JLISTVIDEOPROCESSSTATIC\HIK_JLISTVIDEOPROCESS\RELEASE\VIDEOPROCESS.OBJ
D:\VS2012\PROJECTS\HIK_JLISTVIDEOPROCESSSTATIC\HIK_JLISTVIDEOPROCESS\RELEASE\VIDEOPOSTPROCESS.OBJ
D:\VS2012\PROJECTS\HIK_JLISTVIDEOPROCESSSTATIC\HIK_JLISTVIDEOPROCESS\RELEASE\VIDEODATABUFFER.OBJ
D:\VS2012\PROJECTS\HIK_JLISTVIDEOPROCESSSTATIC\HIK_JLISTVIDEOPROCESS\RELEASE\VIDEODATA.OBJ
D:\VS2012\PROJECTS\HIK_JLISTVIDEOPROCESSSTATIC\HIK_JLISTVIDEOPROCESS\RELEASE\RECEIVEVIDEODATA.OBJ
D:\VS2012\PROJECTS\HIK_JLISTVIDEOPROCESSSTATIC\HIK_JLISTVIDEOPROCESS\RELEASE\HIK_JLISTVIDEOPROCESSDLG.OBJ
D:\VS2012\PROJECTS\HIK_JLISTVIDEOPROCESSSTATIC\HIK_JLISTVIDEOPROCESS\RELEASE\HIK_JLISTVIDEOPROCESS.OBJ
D:\VS2012\PROJECTS\HIK_JLISTVIDEOPROCESSSTATIC\HIK_JLISTVIDEOPROCESS\RELEASE\GAUSSTARGETFRAME.OBJ
D:\VS2012\PROJECTS\HIK_JLISTVIDEOPROCESSSTATIC\HIK_JLISTVIDEOPROCESS\RELEASE\GAUSSTARGETBUFFER.OBJ
D:\VS2012\PROJECTS\HIK_JLISTVIDEOPROCESSSTATIC\HIK_JLISTVIDEOPROCESS\RELEASE\GAUSSMIX.OBJ
D:\VS2012\PROJECTS\HIK_JLISTVIDEOPROCESSSTATIC\HIK_JLISTVIDEOPROCESS\RELEASE\CVVIMAGE.OBJ
D:\VS2012\PROJECTS\HIK_JLISTVIDEOPROCESSSTATIC\HIK_JLISTVIDEOPROCESS\RELEASE\CAMSHIFT.OBJ
D:\VS2012\PROJECTS\HIK_JLISTVIDEOPROCESSSTATIC\RELEASE\HIK_JLISTVIDEOPROCESS.EXE
D:\VS2012\PROJECTS\HIK_JLISTVIDEOPROCESSSTATIC\RELEASE\HIK_JLISTVIDEOPROCESS.PDB
D:\VS2012\PROJECTS\HIK_JLISTVIDEOPROCESSSTATIC\HIK_JLISTVIDEOPROCESS\RELEASE\HIK_JLISTVIDEOPROCESS.RES
D:\VS2012\Projects\Hik_JListVideoProcessStatic\Hik_JListVideoProcess\Release\CamShift.obj
D:\VS2012\Projects\Hik_JListVideoProcessStatic\Hik_JListVideoProcess\Release\CvvImage.obj
D:\VS2012\Projects\Hik_JListVideoProcessStatic\Hik_JListVideoProcess\Release\GaussMix.obj
D:\VS2012\Projects\Hik_JListVideoProcessStatic\Hik_JListVideoProcess\Release\GaussTargetBuffer.obj
D:\VS2012\Projects\Hik_JListVideoProcessStatic\Hik_JListVideoProcess\Release\GaussTargetFrame.obj
D:\VS2012\Projects\Hik_JListVideoProcessStatic\Hik_JListVideoProcess\Release\Hik_JListVideoProcess.obj
D:\VS2012\Projects\Hik_JListVideoProcessStatic\Hik_JListVideoProcess\Release\Hik_JListVideoProcessDlg.obj
D:\VS2012\Projects\Hik_JListVideoProcessStatic\Hik_JListVideoProcess\Release\ReceiveVideoData.obj
D:\VS2012\Projects\Hik_JListVideoProcessStatic\Hik_JListVideoProcess\Release\stdafx.obj
D:\VS2012\Projects\Hik_JListVideoProcessStatic\Hik_JListVideoProcess\Release\VideoData.obj
D:\VS2012\Projects\Hik_JListVideoProcessStatic\Hik_JListVideoProcess\Release\VideoDataBuffer.obj
D:\VS2012\Projects\Hik_JListVideoProcessStatic\Hik_JListVideoProcess\Release\VideoPostProcess.obj
D:\VS2012\Projects\Hik_JListVideoProcessStatic\Hik_JListVideoProcess\Release\VideoProcess.obj
D:\VS2012\Projects\Hik_JListVideoProcessStatic\Hik_JListVideoProcess\Release\cl.command.1.tlog
D:\VS2012\Projects\Hik_JListVideoProcessStatic\Hik_JListVideoProcess\Release\CL.read.1.tlog
D:\VS2012\Projects\Hik_JListVideoProcessStatic\Hik_JListVideoProcess\Release\CL.write.1.tlog
D:\VS2012\Projects\Hik_JListVideoProcessStatic\Hik_JListVideoProcess\Release\link-cvtres.read.1.tlog
D:\VS2012\Projects\Hik_JListVideoProcessStatic\Hik_JListVideoProcess\Release\link-cvtres.write.1.tlog
D:\VS2012\Projects\Hik_JListVideoProcessStatic\Hik_JListVideoProcess\Release\link-mt.read.1.tlog
D:\VS2012\Projects\Hik_JListVideoProcessStatic\Hik_JListVideoProcess\Release\link-mt.write.1.tlog
D:\VS2012\Projects\Hik_JListVideoProcessStatic\Hik_JListVideoProcess\Release\link-rc.read.1.tlog
D:\VS2012\Projects\Hik_JListVideoProcessStatic\Hik_JListVideoProcess\Release\link-rc.write.1.tlog
D:\VS2012\Projects\Hik_JListVideoProcessStatic\Hik_JListVideoProcess\Release\link.command.1.tlog
D:\VS2012\Projects\Hik_JListVideoProcessStatic\Hik_JListVideoProcess\Release\link.read.1.tlog
D:\VS2012\Projects\Hik_JListVideoProcessStatic\Hik_JListVideoProcess\Release\link.write.1.tlog
D:\VS2012\Projects\Hik_JListVideoProcessStatic\Hik_JListVideoProcess\Release\rc.command.1.tlog
D:\VS2012\Projects\Hik_JListVideoProcessStatic\Hik_JListVideoProcess\Release\rc.read.1.tlog
D:\VS2012\Projects\Hik_JListVideoProcessStatic\Hik_JListVideoProcess\Release\rc.write.1.tlog
D:\VS2012\Projects\Hik_JListVideoProcessStatic\Hik_JListVideoProcess\Release\Hik_JListVideoProcess.res
D:\VS2012\Projects\Hik_JListVideoProcessStatic\Hik_JListVideoProcess\Release\Hik_JListVideoProcess.pch
D:\VS2012\Projects\Hik_JListVideoProcessStatic\Hik_JListVideoProcess\Release\vc110.pdb
D:\VS2012\Projects\Hik_JListVideoProcessStatic\Release\Hik_JListVideoProcess.pdb
D:\VS2012\Projects\Hik_JListVideoProcessStatic\Release\Hik_JListVideoProcess.exe
